C51 COMPILER V9.59.0.0   LANYA                                                             06/28/2021 15:51:14 PAGE 1   


C51 COMPILER V9.59.0.0, COMPILATION OF MODULE LANYA
OBJECT MODULE PLACED IN .\Objects\lanya.obj
COMPILER INVOKED BY: C:\Keil_v5\C51\BIN\C51.EXE lanya.c OPTIMIZE(8,SPEED) BROWSE DEBUG OBJECTEXTEND PRINT(.\Listings\lan
                    -ya.lst) TABS(2) OBJECT(.\Objects\lanya.obj)

line level    source

*** WARNING C500 IN LINE 1 OF lanya.c: LICENSE ERROR (R207(3): REGISTRY READ ERROR)

   1          #include <reg52.h>
   2          
   3          sbit P00=P0^0;sbit P01=P0^1;sbit P02=P0^2;sbit P03=P0^3;sbit P04=P0^4;sbit P05=P0^5;sbit P06=P0^6;
   4          sbit P10=P1^0;sbit P11=P1^1;sbit P12=P1^2;sbit P13=P1^3;sbit P14=P1^4;sbit P15=P1^5;sbit P16=P1^6;
   5          sbit P20=P2^0;sbit P21=P2^1;sbit P22=P2^2;sbit P23=P2^3;sbit P24=P2^4;sbit P25=P2^5;sbit P26=P2^6;
   6          sbit P30=P3^0;sbit P31=P3^1;sbit P32=P3^2;sbit P33=P3^3;sbit P34=P3^4;sbit P35=P3^5;sbit P36=P3^6;
   7          sbit P17=P1^7;sbit P07=P0^7;sbit P27=P2^7;sbit P37=P3^7;
   8          
   9          unsigned char flag=0,mode=0;
  10          bit led=0;
  11          
  12          void delayms();//paomadeng
  13          
  14          void UartInit()   //9600bps@11.0592MHz
  15          {
  16   1          SCON = 0x50; // SCON: 模式1, 8-bit UART, 使能接收
  17   1          TMOD |= 0x20;
  18   1          TH1 = 0xfd; //波特率9600 初值
  19   1          TL1 = 0xfd;
  20   1          TR1 = 1;
  21   1          EA = 1; //打开总中断
  22   1          ES = 1; //打开串口中断
  23   1      }
  24          
  25          
  26          void send(unsigned char dat)  //通过串口发送到蓝牙模块上，蓝牙模块发送出去一个字节的字符
  27          {
  28   1        ES = 0;
  29   1        SBUF = dat;
  30   1        while (!TI);
  31   1        TI = 0;
  32   1        ES = 1;
  33   1      }
  34          
  35          /*发送数据*/
  36          
  37          void send_str(unsigned char * str)  //通过蓝牙模块发送一个字符串
  38          {
  39   1        while (*str != '\0')
  40   1          send(*str++);
  41   1      }
  42          
  43          void delayms()
  44          {
  45   1        unsigned int i,j;
  46   1        for(i=0;i<600;i++)
  47   1          for(j=0;j<100;j++);
  48   1      }
  49          
  50          void lanya_panduan()
  51          {
  52   1        if(flag == 0)   //判断灯目前是否关了
  53   1        {
C51 COMPILER V9.59.0.0   LANYA                                                             06/28/2021 15:51:14 PAGE 2   

  54   2          led = 0;  //状态灯灭
  55   2          send_str("lock successfully!\n");  //发送字符串
  56   2        }
  57   1        
  58   1        if(flag == 1)     //判断反转
  59   1        {
  60   2            led = 1;      //状态灯亮
  61   2        }
  62   1      }
  63          
  64          void Usart() interrupt 4      //中断服务函数
  65          {
  66   1          unsigned char n; //定义临时变量
  67   1          if(RI) //判断是接收中断产生
  68   1          {
  69   2              RI = 0; //标志位清零
  70   2              n = SBUF; //读入缓冲区的值
  71   2              switch(n)
  72   2              {
  73   3                case'0':    //控制正转
  74   3                  mode = 0;
  75   3                break;
  76   3                
  77   3                case'1':    //控制反转
  78   3                  mode = 1;
  79   3                break;
  80   3                
  81   3                case'2':    //控制速度为慢
  82   3                  mode = 2;
  83   3                break;
  84   3                
  85   3                case'3':    //控制速度为中等
  86   3                  mode = 3;
  87   3                break;
  88   3              }
  89   2              TI = 1;
  90   2              SBUF = n; //把接收到的值再发回
  91   2          }
  92   1            if(TI) //如果是发送标志位，清零
  93   1              TI = 0;
  94   1      }
  95          
  96          void led_mode(){
  97   1        unsigned char light1=0x01,light2=0x01,light3=0x01,light4=0x01;
  98   1        if(mode==0){
  99   2          P10=0;P14=0;P33=0;P37=0;P00=0;P04=0;P20=0;P24=0;delayms();//模式行行灯
 100   2          P1=~0X00;P0=~0X00;P2=~0X00;P3=~0X00;delayms();
 101   2          P11=0;P15=0;P32=0;P36=0;P01=0;P05=0;P21=0;P25=0;delayms();
 102   2          P1=~0X00;P0=~0X00;P2=~0X00;P3=~0X00;delayms();
 103   2          P12=0;P16=0;P31=0;P35=0;P02=0;P06=0;P22=0;P26=0;delayms();
 104   2          P1=~0X00;P0=~0X00;P2=~0X00;P3=~0X00;delayms();
 105   2          P13=0;P17=0;P30=0;P34=0;P03=0;P07=0;P23=0;P27=0;delayms();
 106   2          P1=~0X00;P0=~0X00;P2=~0X00;P3=~0X00;delayms();
 107   2        }
 108   1        if(mode==1){
 109   2          P13=0;P17=0;P30=0;P34=0;P03=0;P07=0;P27=0;P23=0;delayms();//模式交叉灯
 110   2          P1=~0X00;P0=~0X00;P2=~0X00;P3=~0X00;delayms();
 111   2          P14=0;P15=0;P16=0;P17=0;P30=0;P31=0;P32=0;P33=0;P04=0;P05=0;P06=0;P07=0;P27=0;P26=0;P25=0;P24=0;delayms(
             -);
 112   2          P1=~0X00;P0=~0X00;P2=~0X00;P3=~0X00;delayms();
 113   2          P10=P11=P12=P13=P17=P30=P34=P35=P36=P37=0;P00=P01=P02=P03=P07=P27=P23=P22=P21=P20=0;delayms();
 114   2          P1=~0X00;P0=~0X00;P2=~0X00;P3=~0X00;delayms();
C51 COMPILER V9.59.0.0   LANYA                                                             06/28/2021 15:51:14 PAGE 3   

 115   2        }
 116   1        if(mode==2){
 117   2          P13=0;delayms();P13=1;delayms();//区域灯
 118   2          P1=0X00;delayms();P1=~0X00;delayms();
 119   2          P1=0X00;P3=0X00;delayms();P1=~0X00;P3=~0X00;delayms();
 120   2          P1=0X00;P0=0X00;P2=0X00;P3=0X00;delayms();P1=~0X00;P0=~0X00;P2=~0X00;P3=~0X00;delayms();
 121   2        }
 122   1        if(mode==3){
 123   2          P13=0;delayms();P12=0;delayms();P11=0;delayms();P10=0;delayms();//模式蛇形灯
 124   2          P00=0;delayms();P01=0;delayms();P02=0;delayms();P03=0;delayms();  
 125   2          P07=0;delayms();P06=0;delayms();P05=0;delayms();P04=0;delayms();
 126   2          P14=0;delayms();P15=0;delayms();P16=0;delayms();P17=0;delayms();
 127   2          P30=0;delayms();P31=0;delayms();P32=0;delayms();P33=0;delayms();
 128   2          P24=0;delayms();P25=0;delayms();P26=0;delayms();P27=0;delayms();
 129   2          P23=0;delayms();P22=0;delayms();P21=0;delayms();P20=0;delayms();
 130   2          P37=0;delayms();P36=0;delayms();P35=0;delayms();P34=0;delayms();    
 131   2          P1=~0X00;P0=~0X00;P2=~0X00;P3=~0X00;delayms();
 132   2        }
 133   1      }
 134          
 135          void main()
 136          {
 137   1          UartInit();
 138   1          while(1)
 139   1          {
 140   2            lanya_panduan();
 141   2            led_mode();
 142   2          }
 143   1      }


MODULE INFORMATION:   STATIC OVERLAYABLE
   CODE SIZE        =    632    ----
   CONSTANT SIZE    =     20    ----
   XDATA SIZE       =   ----    ----
   PDATA SIZE       =   ----    ----
   DATA SIZE        =      2       7
   IDATA SIZE       =   ----    ----
   BIT SIZE         =      1    ----
END OF MODULE INFORMATION.


C51 COMPILATION COMPLETE.  1 WARNING(S),  0 ERROR(S)
