C51 COMPILER V9.59.0.0   1                                                                 08/27/2021 11:32:08 PAGE 1   


C51 COMPILER V9.59.0.0, COMPILATION OF MODULE 1
OBJECT MODULE PLACED IN .\Objects\1.obj
COMPILER INVOKED BY: C:\Keil_v5\C51\BIN\C51.EXE 1.c OPTIMIZE(8,SPEED) BROWSE DEBUG OBJECTEXTEND PRINT(.\Listings\1.lst) 
                    -TABS(2) OBJECT(.\Objects\1.obj)

line level    source

*** WARNING C500 IN LINE 1 OF 1.c: LICENSE ERROR (R207(3): REGISTRY READ ERROR)

   1          #include<reg52.h> //头文件
   2          #include <intrins.h>
   3          #include<ds1302.c>
   4          #include<ds1302.h>
   5          #define uchar unsigned char
   6          #define uint unsigned int
   7            
   8          void DS_init(void);
   9          void DS_get(void);
  10          
  11          uchar code tab1[]={"  :  :  "};   //时间显示的固定字符
  12          uchar code tab2[]={"  :  :    :  :  "};   //闹钟显示的固定字符
  13          sbit LCD_EN=P2^5;   //液晶使能信号
  14          sbit LCD_RS=P2^7;   //数据/命令选择端
  15          sbit LCD_WR=P2^6;
  16          sbit P10=P1^0;
  17          sbit P11=P1^1;
  18          sbit P12=P1^2;
  19          sbit P13=P1^3;
  20          sbit P23=P2^3;
  21          sbit P30=P2^0;
  22          sbit P24=P2^4;
  23          sbit P27=P2^7;
  24          uchar s7=0,s6=0,s4=0,s71=0,mode=0,add1=0,add2=0;
  25          uchar shijian[]={55,59,23,0,0,0,0};
  26          uchar n_shi1=0,n_fen1=0,n_miao1=0;
  27          uchar n_shi2=0,n_fen2=0,n_miao2=5;
  28          uint tt=0,miao=0,i,j;
  29          uchar jia=0,jian=0;
  30          bit shan=0,flag=0,f1=0;
  31          
  32          
  33          void DS_init(void)
  34          {
  35   1       unsigned char i,add;
  36   1       add=0x80;
  37   1       Write_Ds1302_Byte(0x8e,0x00);
  38   1       for(i=0;i<7;i++)
  39   1       {
  40   2        Write_Ds1302_Byte(add,shijian[i]);
  41   2        add=add+2;
  42   2       }
  43   1       Write_Ds1302_Byte(0x8e,0x80);
  44   1      }
  45          
  46          void DS_get(void)
  47          {
  48   1       unsigned char i,add;
  49   1       add=0x81;
  50   1       Write_Ds1302_Byte(0x8e,0x00);
  51   1       for(i=0;i<7;i++)
  52   1       {
  53   2        shijian[i]=Read_Ds1302_Byte(add);  //提取时间
C51 COMPILER V9.59.0.0   1                                                                 08/27/2021 11:32:08 PAGE 2   

  54   2      
  55   2        add=add+2;
  56   2       }
  57   1       Write_Ds1302_Byte(0x8e,0x80);
  58   1      }
  59          
  60          void delayms(uint ms)
  61          {
  62   1         uint i,j;
  63   1        for(i=0;i<ms;i++)
  64   1           for(j=0;j<840;j++);
  65   1      }
  66          
  67          
  68          void delay_ms(uint ms)
  69          {
  70   1        uint x,y;
  71   1        for(x=ms;x>0;x--)
  72   1          for(y=110;y>0;y--);
  73   1      }
  74          
  75          void write_com(uchar com)          //命令
  76          {
  77   1         LCD_RS=0;        //选择写命令
  78   1         P0=com;
  79   1         delay_ms(5);
  80   1         LCD_EN=1;        //使能信号
  81   1         LCD_EN=0;         //关闭使能
  82   1      }
  83          
  84          void write_data(uchar date)          //数据
  85          {
  86   1        LCD_RS=1;        //选择写数据
  87   1        P0=date;
  88   1        delay_ms(5);
  89   1        LCD_EN=1;
  90   1        LCD_EN=0;
  91   1      }
  92          
  93          void init()
  94          {
  95   1        LCD_EN=0;
  96   1        write_com(0x38);         //00111000        设置16*2显示，5*7点阵 8为数据接口
  97   1        write_com(0x0c);   //00001100        设置开显示，不显示光标
  98   1        write_com(0x06);         // 00000110        写一个字符后地址指针加 1
  99   1        write_com(0x01);         //00000001        显示清0，数据指针清零
 100   1        write_com(0x84);//日历显示固定符号从第一行第1个位置之后开始显示
 101   1        for(i=0;i<8;i++)
 102   1        {
 103   2        write_data(tab1[i]);//向液晶屏写日历显示的固定符号部分
 104   2        //delay(3);
 105   2        }
 106   1        write_com(0x80+0x40);//时间显示固定符号写入位置，从第2个位置后开始显示
 107   1        for(j=0;j<16;j++)
 108   1        {
 109   2        write_data(tab2[j]);//写显示时间固定符号，两个冒号
 110   2        //delay(3); 
 111   2        }
 112   1      }
 113          
 114          void write_sfm(uchar add,uchar dat)//向LCD写当前时分秒,有显示位置加、现示数据，两个参数
 115          {
C51 COMPILER V9.59.0.0   1                                                                 08/27/2021 11:32:08 PAGE 3   

 116   1        uchar gw,sw;
 117   1        gw=dat%10;//取得个位数字
 118   1        sw=dat/10;//取得十位数字
 119   1        write_com(0x84+add);//er是头文件规定的值0x80+0x40
 120   1        write_data(0x30+sw);//数字+30得到该数字的LCD1602显示码
 121   1        write_data(0x30+gw);//数字+30得到该数字的LCD1602显示码        
 122   1      }
 123          
 124          void write_nao(uchar add,uchar dat)//向LCD写闹钟时分秒,有显示位置加、现示数据，两个参数
 125          {
 126   1        uchar gw,sw;
 127   1        gw=dat%10;//取得个位数字
 128   1        sw=dat/10;//取得十位数字
 129   1        write_com(0xc0+add);//er是头文件规定的值0x80+0x40
 130   1        write_data(0x30+sw);//数字+30得到该数字的LCD1602显示码
 131   1        write_data(0x30+gw);//数字+30得到该数字的LCD1602显示码        
 132   1      }
 133          
 134          void key_scan()
 135          {
 136   1         if(P10==0)
 137   1         {
 138   2           delayms(5);//s7
 139   2           if(P10==0)
 140   2           {
 141   3             if(s4==0){
 142   4             if(s71==0) s71=1;
 143   4             else if(s71==1) s71=2;
 144   4             else if(s71==2) s71=3;
 145   4             else if(s71==3) s71=0;
 146   4             }
 147   3             else if(s4>0){
 148   4               if(s7==0) s7=1;
 149   4             else if(s7==1) s7=2;
 150   4             else if(s7==2) s7=3;
 151   4             else if(s7==3) s7=0;
 152   4             }         
 153   3           }
 154   2           while(!P10);
 155   2         }
 156   1         else if(P11==0)
 157   1         {
 158   2           delayms(5);
 159   2           if(P11==0) //s6
 160   2           {
 161   3             jia=1;    
 162   3           }
 163   2           while(!P11);
 164   2         }
 165   1         else if(P12==0)
 166   1         {
 167   2           delayms(5); //s5
 168   2           if(P12==0)
 169   2           {
 170   3              jian=1;//P32=1;
 171   3           }
 172   2           while(!P12);
 173   2         }
 174   1         
 175   1         else if(P13==0)
 176   1         {
 177   2           delayms(5);
C51 COMPILER V9.59.0.0   1                                                                 08/27/2021 11:32:08 PAGE 4   

 178   2           if(P13==0)//s4
 179   2           {
 180   3             if(s4==0) s4=1;
 181   3             else if(s4==1) s4=2;
 182   3             else if(s4==2) s4=0;
 183   3           } 
 184   2           while(!P13);
 185   2           }
 186   1        
 187   1      }
 188          
 189          void ban_init(){
 190   1        P23=1;P30=1;P24=1;P27=0;
 191   1      }
 192          
 193          void Timer0Init(void)   //100微秒@12.000MHz
 194          {
 195   1        TMOD |= 0x01;   //设置定时器模式
 196   1        TL0 = 0x18;   //设置定时初值
 197   1        TH0 = 0xFC;   //设置定时初值
 198   1        ET0=1;
 199   1        EA=1;
 200   1        TR0=1;
 201   1      }
 202          
 203          
 204          void Timer0(void) interrupt 1
 205          {
 206   1        TH0=0XFC;
 207   1        TL0=0X18;
 208   1        tt++;
 209   1        if(tt==1000&&P30==0)
 210   1        {
 211   2          tt=0;P30=1;
 212   2        }
 213   1      }
 214          
 215          
 216          void main(void) //主函数
 217          {
 218   1        Timer0Init();
 219   1        ban_init();
 220   1        LCD_WR=0;
 221   1        init();  
 222   1        DS_init(); 
 223   1        while(1){
 224   2        DS_get();
 225   2        write_sfm(add1,shijian[2]);
 226   2        write_sfm(add1+3,shijian[1]);
 227   2        write_sfm(add1+6,shijian[0]);
 228   2        write_nao(add2,n_shi1);
 229   2        write_nao(add2+3,n_fen1);
 230   2        write_nao(add2+6,n_miao1);
 231   2        write_nao(add2+8,n_shi2);
 232   2        write_nao(add2+11,n_fen2);
 233   2        write_nao(add2+14,n_miao2);
 234   2        key_scan();
 235   2        if((shijian[2]==n_shi1)&&(shijian[1]==n_fen1)&&(shijian[0]==n_miao1))
 236   2          {
 237   3            P23=0;P24=0;f1=1;P30=0;tt=0;
 238   3          }
 239   2        if(((shijian[2]==n_shi2)&&(shijian[1]==n_fen2)&&(shijian[0]==n_miao2)&&(f1==1))){
C51 COMPILER V9.59.0.0   1                                                                 08/27/2021 11:32:08 PAGE 5   

 240   3            f1=0;P23=1;P30=0;P24=1;tt=0;
 241   3          }
 242   2        if(s71==1){
 243   3          if(shijian[0]%2==0){
 244   4          write_com(0x84);write_data(0x20);
 245   4          write_com(0x85);write_data(0x20);
 246   4          }
 247   3          if(jia==1){
 248   4            jia=0;
 249   4            if(shijian[2]==23) shijian[2]=0;
 250   4            else shijian[2]++;DS_init();
 251   4            }
 252   3          if(jian==1){
 253   4            jian=0;
 254   4            if(shijian[2]==0) shijian[2]=23;
 255   4            else shijian[2]--;DS_init();
 256   4            }
 257   3         }
 258   2        else if(s71==2){
 259   3          if(shijian[0]%2==0){
 260   4          write_com(0x87);write_data(0x20);
 261   4          write_com(0x88);write_data(0x20);
 262   4          }
 263   3          if(jia==1){
 264   4              jia=0;
 265   4              if(shijian[1]==59) shijian[1]=0;
 266   4              else shijian[1]++;DS_init();
 267   4            }
 268   3            if(jian==1){
 269   4              jian=0;
 270   4              if(shijian[1]==0) shijian[1]=59;
 271   4              else shijian[1]--;DS_init();
 272   4            }
 273   3         }
 274   2        else if(s71==3){
 275   3          if(shijian[0]%2==0){
 276   4          write_com(0x8a);write_data(0x20);
 277   4          write_com(0x8b);write_data(0x20);
 278   4          }
 279   3          if(jia==1){
 280   4              jia=0;
 281   4              if(shijian[0]==59) shijian[0]=0;
 282   4              else shijian[0]++;DS_init();
 283   4            }
 284   3            if(jian==1){
 285   4              jian=0;
 286   4              if(shijian[0]==0) shijian[0]=59;
 287   4              else shijian[0]--;DS_init();
 288   4            }
 289   3          }
 290   2         if(s4==1){
 291   3            if(s7==1){
 292   4              if(shijian[0]%2==0){
 293   5              write_com(0xc0);write_data(0x20);
 294   5              write_com(0xc1);write_data(0x20);
 295   5              }
 296   4              if(jia==1){
 297   5                jia=0;
 298   5                if(n_shi1==23) n_shi1=0;
 299   5                else n_shi1=n_shi1+1;
 300   5              }
 301   4              if(jian==1){
C51 COMPILER V9.59.0.0   1                                                                 08/27/2021 11:32:08 PAGE 6   

 302   5                jian=0;
 303   5                if(n_shi1==0) n_shi1=23;
 304   5                else n_shi1--;
 305   5              }
 306   4            }
 307   3            else if(s7==2){
 308   4              if(shijian[0]%2==0){
 309   5              write_com(0xc3);write_data(0x20);
 310   5              write_com(0xc4);write_data(0x20);
 311   5              }
 312   4              if(jia==1){
 313   5                jia=0;
 314   5                if(n_fen1==59) n_fen1=0;
 315   5                else n_fen1++;
 316   5              }
 317   4              if(jian==1){
 318   5                jian=0;
 319   5                if(n_fen1==0) n_fen1=59;
 320   5                else n_fen1--;
 321   5              } 
 322   4            }
 323   3            else if(s7==3){
 324   4              if(shijian[0]%2==0){
 325   5              write_com(0xc6);write_data(0x20);
 326   5              write_com(0xc7);write_data(0x20);
 327   5              }
 328   4              if(jia==1){
 329   5              jia=0;
 330   5                if(n_miao1==59) n_miao1=0;
 331   5                else n_miao1++;
 332   5              }
 333   4              if(jian==1){
 334   5                jian=0;
 335   5                if(n_miao1==0) n_miao1=59;
 336   5                else n_miao1--;
 337   5              } 
 338   4            }
 339   3           }
 340   2           else if(s4==2){
 341   3            if(s7==1){
 342   4              if(shijian[0]%2==0){
 343   5              write_com(0xc8);write_data(0x20);
 344   5              write_com(0xc9);write_data(0x20);
 345   5              }
 346   4              if(jia==1){
 347   5                jia=0;
 348   5                if(n_shi2==23) n_shi2=0;
 349   5                else n_shi2++;
 350   5              }
 351   4              if(jian==1){
 352   5                jian=0;
 353   5                if(n_shi2==0) n_shi2=23;
 354   5                else n_shi2--;
 355   5              }
 356   4            }
 357   3            else if(s7==2){
 358   4              if(shijian[0]%2==0){
 359   5              write_com(0xcb);write_data(0x20);
 360   5              write_com(0xcc);write_data(0x20);
 361   5              }
 362   4              if(jia==1){
 363   5                jia=0;
C51 COMPILER V9.59.0.0   1                                                                 08/27/2021 11:32:08 PAGE 7   

 364   5                if(n_fen2==59) n_fen2=0;
 365   5                else n_fen2++;
 366   5              }
 367   4              if(jian==1){
 368   5                jian=0;
 369   5                if(n_fen2==0) n_fen2=59;
 370   5                else n_fen2--;
 371   5              } 
 372   4            }
 373   3            else if(s7==3){
 374   4              if(shijian[0]%2==0){
 375   5              write_com(0xce);write_data(0x20);
 376   5              write_com(0xcf);write_data(0x20);
 377   5              }
 378   4              if(jia==1){
 379   5              jia=0;
 380   5                if(n_miao2==59) n_miao2=0;
 381   5                else n_miao2++;
 382   5              }
 383   4              if(jian==1){
 384   5                jian=0;
 385   5                if(n_miao2==0) n_miao2=59;
 386   5                else n_miao2--;
 387   5              } 
 388   4            }
 389   3          }
 390   2        }
 391   1      }


MODULE INFORMATION:   STATIC OVERLAYABLE
   CODE SIZE        =   1579    ----
   CONSTANT SIZE    =     26    ----
   XDATA SIZE       =   ----    ----
   PDATA SIZE       =   ----    ----
   DATA SIZE        =     30       2
   IDATA SIZE       =   ----    ----
   BIT SIZE         =      3    ----
END OF MODULE INFORMATION.


C51 COMPILATION COMPLETE.  1 WARNING(S),  0 ERROR(S)
